<?xml version="1.0" encoding="UTF-8"?>
<!-- Generated by org.testng.reporters.JUnitReportReporter -->
<testsuite hostname="DESKTOP-H5PSRKV" name="com.OpenMrs.OpenMrsLoginpageTest" tests="1" failures="0" timestamp="7 Jan 2019 01:12:36 GMT" time="21.891" errors="0">
  <testcase name="OpenMrsTest" time="21.891" classname="com.OpenMrs.OpenMrsLoginpageTest"/>
</testsuite> <!-- com.OpenMrs.OpenMrsLoginpageTest -->
