<?xml version="1.0" encoding="UTF-8"?>
<!-- Generated by org.testng.reporters.JUnitReportReporter -->
<testsuite hostname="DESKTOP-H5PSRKV" name="com.OpenMrs.OpenMrsEmrTest" tests="1" failures="0" timestamp="7 Jan 2019 01:24:48 GMT" time="22.455" errors="0">
  <testcase name="OpenMrsTest" time="22.455" classname="com.OpenMrs.OpenMrsEmrTest"/>
</testsuite> <!-- com.OpenMrs.OpenMrsEmrTest -->
