<?xml version="1.0" encoding="UTF-8"?>
<!-- Generated by org.testng.reporters.JUnitReportReporter -->
<testsuite hostname="DESKTOP-H5PSRKV" name="com.OpenMrs.OpenMrsHomepageTest" tests="1" failures="0" timestamp="6 Jan 2019 22:10:04 GMT" time="13.184" errors="0">
  <testcase name="OpenMrsTest" time="13.184" classname="com.OpenMrs.OpenMrsHomepageTest"/>
</testsuite> <!-- com.OpenMrs.OpenMrsHomepageTest -->
