<?xml version="1.0" encoding="UTF-8"?>
<!-- Generated by org.testng.reporters.JUnitReportReporter -->
<testsuite hostname="DESKTOP-H5PSRKV" name="com.OpenMrs.Base.Testbase" tests="1" failures="0" timestamp="6 Jan 2019 21:42:10 GMT" time="10.582" errors="0">
  <testcase name="init" time="10.582" classname="com.OpenMrs.Base.Testbase"/>
</testsuite> <!-- com.OpenMrs.Base.Testbase -->
